DEBUG   |160406 12:10:52|*** Batching successive steps (nesting level 1)
DEBUG   |160406 12:10:52|====== Starting Step number 1 ======
DEBUG   |160406 12:10:52|Kettenrad :: Switching domains
DEBUG   |160406 12:10:52|Kettenrad :: BREAKING STEP BEFORE SWITCHING DOMAIN
DEBUG   |160406 12:10:52|Switching to domain init, class Init
DEBUG   |160406 12:10:52|Akeeba\Engine\Core\Domain\Init :: New instance
DEBUG   |160406 12:10:52|Kettenrad :: Ticking the domain object
DEBUG   |160406 12:10:52|Kettenrad :: Domain object returned; propagating
DEBUG   |160406 12:10:52|Kettenrad :: Break flag status: YES
DEBUG   |160406 12:10:52|----- Finished operation 1 ------
DEBUG   |160406 12:10:52|Successful Smart algorithm on Akeeba\Engine\Core\Domain\Init
DEBUG   |160406 12:10:52|====== Finished Step number 1 ======
DEBUG   |160406 12:10:52|Kettenrad :: Setting the break flag between domains
DEBUG   |160406 12:10:52|*** Engine steps batching: Break flag detected.
DEBUG   |160406 12:10:52|*** Batching of engine steps finished. I will now return control to the caller.
DEBUG   |160406 12:10:52|No need to sleep; execution time: 39.339065551758 msec; min. exec. time: 0 msec
DEBUG   |160406 12:10:52|Saving Kettenrad instance backend
DEBUG   |160406 12:10:54|Kettenrad :: Attempting to load from database (backend) [backend.id13]
DEBUG   |160406 12:10:54| -- Loaded stored Akeeba Factory (backend) [backend.id13]
DEBUG   |160406 12:10:54|====== Starting Step number 2 ======
DEBUG   |160406 12:10:54|Kettenrad :: Ticking the domain object
INFO    |160406 12:10:54|--------------------------------------------------------------------------------
INFO    |160406 12:10:54|Akeeba Backup 4.6.1 (2016-03-20)
INFO    |160406 12:10:54|Got backup?
INFO    |160406 12:10:54|--------------------------------------------------------------------------------
INFO    |160406 12:10:54|--- System Information ---
INFO    |160406 12:10:54|PHP Version        :5.6.19-0+deb8u1
INFO    |160406 12:10:54|PHP OS             :Linux
INFO    |160406 12:10:54|PHP SAPI           :apache2handler
INFO    |160406 12:10:54|OS Version         :Linux
INFO    |160406 12:10:54|DB Version         :5.5.47-0+deb8u1
INFO    |160406 12:10:54|Web Server         :Apache/2.4.10 (Debian)
INFO    |160406 12:10:54|Joomla! version    :3.5.0
INFO    |160406 12:10:54|Mozilla/5.0 (X11; Linux x86_64) AppleWebKit/537.36 (KHTML, like Gecko) Chrome/49.0.2623.87 Safari/537.36 OPR/36.0.2130.46
INFO    |160406 12:10:54|Safe mode          :
INFO    |160406 12:10:54|Display errors     :
INFO    |160406 12:10:54|Error reporting    :
INFO    |160406 12:10:54|Error display      :off
INFO    |160406 12:10:54|Disabled functions :pcntl_alarm,pcntl_fork,pcntl_waitpid,pcntl_wait,pcntl_wifexited,pcntl_wifstopped,pcntl_wifsignaled,pcntl_wexitstatus,pcntl_wtermsig,pcntl_wstopsig,pcntl_signal,pcntl_signal_dispatch,pcntl_get_last_error,pcntl_strerror,pcntl_sigprocmask,pcntl_sigwaitinfo,pcntl_sigtimedwait,pcntl_exec,pcntl_getpriority,pcntl_setpriority,
INFO    |160406 12:10:54|open_basedir restr.:
INFO    |160406 12:10:54|Max. exec. time    :0
INFO    |160406 12:10:54|Memory limit       :3072M
INFO    |160406 12:10:54|Current mem. usage :4531464
INFO    |160406 12:10:54|GZIP Compression   : available (good)
INFO    |160406 12:10:54|JPATH_BASE         :<root>/administrator
INFO    |160406 12:10:54|JPATH_SITE         :<root>
INFO    |160406 12:10:54|JPATH_ROOT         :<root>
INFO    |160406 12:10:54|JPATH_CACHE        :<root>/administrator/cache
INFO    |160406 12:10:54|Computed root      :<root>
INFO    |160406 12:10:54|Output directory   :<root>/administrator/components/com_akeeba/backup
INFO    |160406 12:10:54|Part size (bytes)  :2147352576
INFO    |160406 12:10:54|--------------------------------------------------------------------------------
INFO    |160406 12:10:54|Akeeba Backup has detected the following potential problems:
INFO    |160406 12:10:54|- 203 Default output directory in use (low)
INFO    |160406 12:10:54|You probably do not have to worry about them, but you should be aware of them.
INFO    |160406 12:10:54|--------------------------------------------------------------------------------
INFO    |160406 12:10:54|Loaded profile #1
DEBUG   |160406 12:10:54|Archive template name: site-[HOST]-[DATE]-[TIME]
DEBUG   |160406 12:10:54|Expanded template name: site-www.youngyaa.com.au-20160406-121054
DEBUG   |160406 12:10:54|Backup type is now set to 'dbonly'
DEBUG   |160406 12:10:54|Kettenrad :: Domain object returned; propagating
DEBUG   |160406 12:10:54|Kettenrad :: Break flag status: no
DEBUG   |160406 12:10:54|----- Finished operation 1 ------
DEBUG   |160406 12:10:54|Kettenrad :: Ticking the domain object
DEBUG   |160406 12:10:54|Kettenrad :: Domain object returned; propagating
DEBUG   |160406 12:10:54|Kettenrad :: Break flag status: no
DEBUG   |160406 12:10:54|----- Finished operation 2 ------
DEBUG   |160406 12:10:54|Successful Smart algorithm on Akeeba\Engine\Core\Domain\Init
DEBUG   |160406 12:10:54|Kettenrad :: Domain 'init' has finished.
DEBUG   |160406 12:10:54|====== Finished Step number 2 ======
DEBUG   |160406 12:10:54|Kettenrad :: Setting the break flag between domains
DEBUG   |160406 12:10:54|*** Engine steps batching: Break flag detected.
DEBUG   |160406 12:10:54|*** Batching of engine steps finished. I will now return control to the caller.
DEBUG   |160406 12:10:54|No need to sleep; execution time: 9.9940299987793 msec; min. exec. time: 0 msec
DEBUG   |160406 12:10:54|Saving Kettenrad instance backend
DEBUG   |160406 12:10:54|Kettenrad :: Attempting to load from database (backend) [backend.id13]
DEBUG   |160406 12:10:54| -- Loaded stored Akeeba Factory (backend) [backend.id13]
DEBUG   |160406 12:10:54|====== Starting Step number 3 ======
DEBUG   |160406 12:10:54|Kettenrad :: Switching domains
DEBUG   |160406 12:10:54|Kettenrad :: BREAKING STEP BEFORE SWITCHING DOMAIN
DEBUG   |160406 12:10:54|Switching to domain PackDB, class Db
DEBUG   |160406 12:10:54|Akeeba\Engine\Core\Domain\Db :: New instance
DEBUG   |160406 12:10:54|Kettenrad :: Ticking the domain object
DEBUG   |160406 12:10:54|Akeeba\Engine\Core\Domain\Db :: Preparing instance
DEBUG   |160406 12:10:54|Fetching filter data from database
DEBUG   |160406 12:10:54|Loading filters
DEBUG   |160406 12:10:54|-- Loading filter Regexfiles
DEBUG   |160406 12:10:54|-- Loading filter Skipdirs
DEBUG   |160406 12:10:54|-- Loading filter Tabledata
DEBUG   |160406 12:10:54|-- Loading filter Tables
DEBUG   |160406 12:10:54|-- Loading filter Regextabledata
DEBUG   |160406 12:10:54|-- Loading filter Skipfiles
DEBUG   |160406 12:10:54|-- Loading filter Extradirs
DEBUG   |160406 12:10:54|-- Loading filter Files
DEBUG   |160406 12:10:54|-- Loading filter Directories
DEBUG   |160406 12:10:54|-- Loading filter Regexdirectories
DEBUG   |160406 12:10:54|-- Loading filter Regexskipfiles
DEBUG   |160406 12:10:54|-- Loading filter Incremental
DEBUG   |160406 12:10:54|-- Loading filter Regextables
DEBUG   |160406 12:10:54|-- Loading filter Multidb
DEBUG   |160406 12:10:54|-- Loading filter Regexskipdirs
DEBUG   |160406 12:10:54|-- Loading filter Cvsfolders
DEBUG   |160406 12:10:54|-- Loading filter Libraries
DEBUG   |160406 12:10:54|-- Loading filter Siteroot
DEBUG   |160406 12:10:54|-- Loading filter Sitedb
DEBUG   |160406 12:10:54|-- Loading filter Joomlaskipdirs
DEBUG   |160406 12:10:54|-- Loading filter Excludetabledata
DEBUG   |160406 12:10:54|-- Loading filter Systemcachefiles
DEBUG   |160406 12:10:54|-- Loading filter Excludefolders
DEBUG   |160406 12:10:54|-- Loading filter Joomlaskipfiles
DEBUG   |160406 12:10:54|-- Loading filter Excludefiles
DEBUG   |160406 12:10:54|Loading optional filters
DEBUG   |160406 12:10:54|-- Loading optional filter Stack\StackErrorlogs
DEBUG   |160406 12:10:54|-- Loading optional filter Stack\StackHoststats
DEBUG   |160406 12:10:54|-- Loading optional filter Stack\StackFinder
DEBUG   |160406 12:10:54|Akeeba\Engine\Core\Domain\Db :: Adding only main database
DEBUG   |160406 12:10:54|Kettenrad :: Domain object returned; propagating
DEBUG   |160406 12:10:54|Kettenrad :: Break flag status: YES
DEBUG   |160406 12:10:54|----- Finished operation 1 ------
DEBUG   |160406 12:10:54|Successful Smart algorithm on Akeeba\Engine\Core\Domain\Db
DEBUG   |160406 12:10:54|====== Finished Step number 3 ======
DEBUG   |160406 12:10:54|Kettenrad :: Setting the break flag between domains
DEBUG   |160406 12:10:54|*** Engine steps batching: Break flag detected.
DEBUG   |160406 12:10:54|*** Batching of engine steps finished. I will now return control to the caller.
DEBUG   |160406 12:10:54|No need to sleep; execution time: 7.7919960021973 msec; min. exec. time: 0 msec
DEBUG   |160406 12:10:54|Saving Kettenrad instance backend
DEBUG   |160406 12:10:55|Kettenrad :: Attempting to load from database (backend) [backend.id13]
DEBUG   |160406 12:10:55| -- Loaded stored Akeeba Factory (backend) [backend.id13]
DEBUG   |160406 12:10:55|====== Starting Step number 4 ======
DEBUG   |160406 12:10:55|Kettenrad :: Ticking the domain object
DEBUG   |160406 12:10:55|Akeeba\Engine\Core\Domain\Db :: Iterating next database
DEBUG   |160406 12:10:55|Akeeba\Engine\Dump\Native :: New instance
DEBUG   |160406 12:10:55|Akeeba\Engine\Dump\Native :: Processing parameters
DEBUG   |160406 12:10:55|Akeeba\Engine\Dump\Native :: Instanciating new native database dump engine \Akeeba\Engine\Dump\Native\Mysql
DEBUG   |160406 12:10:55|Akeeba\Engine\Dump\Native\Mysql :: New instance
DEBUG   |160406 12:10:55|Akeeba\Engine\Dump\Base :: Processing parameters
DEBUG   |160406 12:10:55|Akeeba\Engine\Dump\Native\Mysql :: Finding tables to include in the backup set
INFO    |160406 12:10:55|Akeeba\Engine\Dump\Native\Mysql :: Adding  a7rtg_myevents (internal name  a7rtg_myevents)
WARNING |160406 12:10:55|Akeeba\Engine\Dump\Native\Mysql :: Table #__content_types has a prefix of #__. This would cause restoration errors; table skipped.
INFO    |160406 12:10:55|Akeeba\Engine\Dump\Native\Mysql :: Adding a7rtg_acymailing_action (internal name #__acymailing_action)
INFO    |160406 12:10:55|Akeeba\Engine\Dump\Native\Mysql :: Adding a7rtg_acymailing_config (internal name #__acymailing_config)
INFO    |160406 12:10:55|Akeeba\Engine\Dump\Native\Mysql :: Adding a7rtg_acymailing_fields (internal name #__acymailing_fields)
INFO    |160406 12:10:55|Akeeba\Engine\Dump\Native\Mysql :: Adding a7rtg_acymailing_filter (internal name #__acymailing_filter)
INFO    |160406 12:10:55|Akeeba\Engine\Dump\Native\Mysql :: Adding a7rtg_acymailing_geolocation (internal name #__acymailing_geolocation)
INFO    |160406 12:10:55|Akeeba\Engine\Dump\Native\Mysql :: Adding a7rtg_acymailing_history (internal name #__acymailing_history)
INFO    |160406 12:10:55|Akeeba\Engine\Dump\Native\Mysql :: Adding a7rtg_acymailing_list (internal name #__acymailing_list)
INFO    |160406 12:10:55|Akeeba\Engine\Dump\Native\Mysql :: Adding a7rtg_acymailing_listcampaign (internal name #__acymailing_listcampaign)
INFO    |160406 12:10:55|Akeeba\Engine\Dump\Native\Mysql :: Adding a7rtg_acymailing_listmail (internal name #__acymailing_listmail)
INFO    |160406 12:10:55|Akeeba\Engine\Dump\Native\Mysql :: Adding a7rtg_acymailing_listsub (internal name #__acymailing_listsub)
INFO    |160406 12:10:55|Akeeba\Engine\Dump\Native\Mysql :: Adding a7rtg_acymailing_mail (internal name #__acymailing_mail)
INFO    |160406 12:10:55|Akeeba\Engine\Dump\Native\Mysql :: Adding a7rtg_acymailing_queue (internal name #__acymailing_queue)
INFO    |160406 12:10:55|Akeeba\Engine\Dump\Native\Mysql :: Adding a7rtg_acymailing_rules (internal name #__acymailing_rules)
INFO    |160406 12:10:55|Akeeba\Engine\Dump\Native\Mysql :: Adding a7rtg_acymailing_stats (internal name #__acymailing_stats)
INFO    |160406 12:10:55|Akeeba\Engine\Dump\Native\Mysql :: Adding a7rtg_acymailing_subscriber (internal name #__acymailing_subscriber)
INFO    |160406 12:10:55|Akeeba\Engine\Dump\Native\Mysql :: Adding a7rtg_acymailing_template (internal name #__acymailing_template)
INFO    |160406 12:10:55|Akeeba\Engine\Dump\Native\Mysql :: Adding a7rtg_acymailing_url (internal name #__acymailing_url)
INFO    |160406 12:10:55|Akeeba\Engine\Dump\Native\Mysql :: Adding a7rtg_acymailing_urlclick (internal name #__acymailing_urlclick)
INFO    |160406 12:10:55|Akeeba\Engine\Dump\Native\Mysql :: Adding a7rtg_acymailing_userstats (internal name #__acymailing_userstats)
INFO    |160406 12:10:55|Akeeba\Engine\Dump\Native\Mysql :: Adding a7rtg_admintools_acl (internal name #__admintools_acl)
INFO    |160406 12:10:55|Akeeba\Engine\Dump\Native\Mysql :: Adding a7rtg_admintools_adminiplist (internal name #__admintools_adminiplist)
INFO    |160406 12:10:55|Akeeba\Engine\Dump\Native\Mysql :: Adding a7rtg_admintools_badwords (internal name #__admintools_badwords)
INFO    |160406 12:10:55|Akeeba\Engine\Dump\Native\Mysql :: Adding a7rtg_admintools_cookies (internal name #__admintools_cookies)
INFO    |160406 12:10:55|Akeeba\Engine\Dump\Native\Mysql :: Adding a7rtg_admintools_customperms (internal name #__admintools_customperms)
INFO    |160406 12:10:55|Akeeba\Engine\Dump\Native\Mysql :: Adding a7rtg_admintools_filescache (internal name #__admintools_filescache)
INFO    |160406 12:10:55|Akeeba\Engine\Dump\Native\Mysql :: Adding a7rtg_admintools_ipautoban (internal name #__admintools_ipautoban)
INFO    |160406 12:10:55|Akeeba\Engine\Dump\Native\Mysql :: Adding a7rtg_admintools_ipautobanhistory (internal name #__admintools_ipautobanhistory)
INFO    |160406 12:10:55|Akeeba\Engine\Dump\Native\Mysql :: Adding a7rtg_admintools_ipblock (internal name #__admintools_ipblock)
INFO    |160406 12:10:55|Akeeba\Engine\Dump\Native\Mysql :: Adding a7rtg_admintools_log (internal name #__admintools_log)
INFO    |160406 12:10:55|Akeeba\Engine\Dump\Native\Mysql :: Adding a7rtg_admintools_profiles (internal name #__admintools_profiles)
INFO    |160406 12:10:55|Akeeba\Engine\Dump\Native\Mysql :: Adding a7rtg_admintools_redirects (internal name #__admintools_redirects)
INFO    |160406 12:10:55|Akeeba\Engine\Dump\Native\Mysql :: Adding a7rtg_admintools_scanalerts (internal name #__admintools_scanalerts)
INFO    |160406 12:10:55|Akeeba\Engine\Dump\Native\Mysql :: Adding a7rtg_admintools_scans (internal name #__admintools_scans)
INFO    |160406 12:10:55|Akeeba\Engine\Dump\Native\Mysql :: Adding a7rtg_admintools_storage (internal name #__admintools_storage)
INFO    |160406 12:10:55|Akeeba\Engine\Dump\Native\Mysql :: Adding a7rtg_admintools_wafblacklists (internal name #__admintools_wafblacklists)
INFO    |160406 12:10:55|Akeeba\Engine\Dump\Native\Mysql :: Adding a7rtg_admintools_wafexceptions (internal name #__admintools_wafexceptions)
INFO    |160406 12:10:55|Akeeba\Engine\Dump\Native\Mysql :: Adding a7rtg_admintools_waftemplates (internal name #__admintools_waftemplates)
INFO    |160406 12:10:55|Akeeba\Engine\Dump\Native\Mysql :: Adding a7rtg_advancedmodules (internal name #__advancedmodules)
INFO    |160406 12:10:55|Akeeba\Engine\Dump\Native\Mysql :: Adding a7rtg_ak_profiles (internal name #__ak_profiles)
INFO    |160406 12:10:55|Akeeba\Engine\Dump\Native\Mysql :: Adding a7rtg_ak_stats (internal name #__ak_stats)
INFO    |160406 12:10:55|Akeeba\Engine\Dump\Native\Mysql :: Adding a7rtg_ak_storage (internal name #__ak_storage)
INFO    |160406 12:10:55|Akeeba\Engine\Dump\Native\Mysql :: Adding a7rtg_akeeba_common (internal name #__akeeba_common)
INFO    |160406 12:10:55|Akeeba\Engine\Dump\Native\Mysql :: Adding a7rtg_assets (internal name #__assets)
INFO    |160406 12:10:55|Akeeba\Engine\Dump\Native\Mysql :: Adding a7rtg_associations (internal name #__associations)
INFO    |160406 12:10:55|Akeeba\Engine\Dump\Native\Mysql :: Adding a7rtg_banner_clients (internal name #__banner_clients)
INFO    |160406 12:10:55|Akeeba\Engine\Dump\Native\Mysql :: Adding a7rtg_banner_tracks (internal name #__banner_tracks)
INFO    |160406 12:10:55|Akeeba\Engine\Dump\Native\Mysql :: Adding a7rtg_banners (internal name #__banners)
INFO    |160406 12:10:55|Akeeba\Engine\Dump\Native\Mysql :: Adding a7rtg_betterpreview_sefs (internal name #__betterpreview_sefs)
INFO    |160406 12:10:55|Akeeba\Engine\Dump\Native\Mysql :: Adding a7rtg_book_userevent (internal name #__book_userevent)
INFO    |160406 12:10:55|Akeeba\Engine\Dump\Native\Mysql :: Adding a7rtg_bt_media_categories (internal name #__bt_media_categories)
INFO    |160406 12:10:55|Akeeba\Engine\Dump\Native\Mysql :: Adding a7rtg_bt_media_items (internal name #__bt_media_items)
INFO    |160406 12:10:55|Akeeba\Engine\Dump\Native\Mysql :: Adding a7rtg_bt_media_tags (internal name #__bt_media_tags)
INFO    |160406 12:10:55|Akeeba\Engine\Dump\Native\Mysql :: Adding a7rtg_bt_media_tags_xref (internal name #__bt_media_tags_xref)
INFO    |160406 12:10:55|Akeeba\Engine\Dump\Native\Mysql :: Adding a7rtg_bt_media_vote (internal name #__bt_media_vote)
INFO    |160406 12:10:55|Akeeba\Engine\Dump\Native\Mysql :: Adding a7rtg_categories (internal name #__categories)
INFO    |160406 12:10:55|Akeeba\Engine\Dump\Native\Mysql :: Adding a7rtg_comprofiler (internal name #__comprofiler)
INFO    |160406 12:10:55|Akeeba\Engine\Dump\Native\Mysql :: Adding a7rtg_comprofiler_field_values (internal name #__comprofiler_field_values)
INFO    |160406 12:10:55|Akeeba\Engine\Dump\Native\Mysql :: Adding a7rtg_comprofiler_fields (internal name #__comprofiler_fields)
INFO    |160406 12:10:55|Akeeba\Engine\Dump\Native\Mysql :: Adding a7rtg_comprofiler_lists (internal name #__comprofiler_lists)
INFO    |160406 12:10:55|Akeeba\Engine\Dump\Native\Mysql :: Adding a7rtg_comprofiler_members (internal name #__comprofiler_members)
INFO    |160406 12:10:55|Akeeba\Engine\Dump\Native\Mysql :: Adding a7rtg_comprofiler_plugin (internal name #__comprofiler_plugin)
INFO    |160406 12:10:55|Akeeba\Engine\Dump\Native\Mysql :: Adding a7rtg_comprofiler_plugin_blogs (internal name #__comprofiler_plugin_blogs)
INFO    |160406 12:10:55|Akeeba\Engine\Dump\Native\Mysql :: Adding a7rtg_comprofiler_ratings (internal name #__comprofiler_ratings)
INFO    |160406 12:10:55|Akeeba\Engine\Dump\Native\Mysql :: Adding a7rtg_comprofiler_sessions (internal name #__comprofiler_sessions)
INFO    |160406 12:10:55|Akeeba\Engine\Dump\Native\Mysql :: Adding a7rtg_comprofiler_tabs (internal name #__comprofiler_tabs)
INFO    |160406 12:10:55|Akeeba\Engine\Dump\Native\Mysql :: Adding a7rtg_comprofiler_userreports (internal name #__comprofiler_userreports)
INFO    |160406 12:10:55|Akeeba\Engine\Dump\Native\Mysql :: Adding a7rtg_comprofiler_views (internal name #__comprofiler_views)
INFO    |160406 12:10:55|Akeeba\Engine\Dump\Native\Mysql :: Adding a7rtg_contact_details (internal name #__contact_details)
INFO    |160406 12:10:55|Akeeba\Engine\Dump\Native\Mysql :: Adding a7rtg_content (internal name #__content)
INFO    |160406 12:10:55|Akeeba\Engine\Dump\Native\Mysql :: Adding a7rtg_content_frontpage (internal name #__content_frontpage)
INFO    |160406 12:10:55|Akeeba\Engine\Dump\Native\Mysql :: Adding a7rtg_content_rating (internal name #__content_rating)
INFO    |160406 12:10:55|Akeeba\Engine\Dump\Native\Mysql :: Adding a7rtg_content_types (internal name #__content_types)
INFO    |160406 12:10:55|Akeeba\Engine\Dump\Native\Mysql :: Adding a7rtg_contentitem_tag_map (internal name #__contentitem_tag_map)
INFO    |160406 12:10:55|Akeeba\Engine\Dump\Native\Mysql :: Adding a7rtg_core_log_searches (internal name #__core_log_searches)
INFO    |160406 12:10:55|Akeeba\Engine\Dump\Native\Mysql :: Adding a7rtg_eb_categories (internal name #__eb_categories)
INFO    |160406 12:10:55|Akeeba\Engine\Dump\Native\Mysql :: Adding a7rtg_eb_configs (internal name #__eb_configs)
INFO    |160406 12:10:55|Akeeba\Engine\Dump\Native\Mysql :: Adding a7rtg_eb_countries (internal name #__eb_countries)
INFO    |160406 12:10:55|Akeeba\Engine\Dump\Native\Mysql :: Adding a7rtg_eb_coupon_events (internal name #__eb_coupon_events)
INFO    |160406 12:10:55|Akeeba\Engine\Dump\Native\Mysql :: Adding a7rtg_eb_coupons (internal name #__eb_coupons)
INFO    |160406 12:10:55|Akeeba\Engine\Dump\Native\Mysql :: Adding a7rtg_eb_currencies (internal name #__eb_currencies)
INFO    |160406 12:10:55|Akeeba\Engine\Dump\Native\Mysql :: Adding a7rtg_eb_event_categories (internal name #__eb_event_categories)
INFO    |160406 12:10:55|Akeeba\Engine\Dump\Native\Mysql :: Adding a7rtg_eb_event_group_prices (internal name #__eb_event_group_prices)
INFO    |160406 12:10:55|Akeeba\Engine\Dump\Native\Mysql :: Adding a7rtg_eb_events (internal name #__eb_events)
INFO    |160406 12:10:55|Akeeba\Engine\Dump\Native\Mysql :: Adding a7rtg_eb_field_categories (internal name #__eb_field_categories)
INFO    |160406 12:10:55|Akeeba\Engine\Dump\Native\Mysql :: Adding a7rtg_eb_field_events (internal name #__eb_field_events)
INFO    |160406 12:10:55|Akeeba\Engine\Dump\Native\Mysql :: Adding a7rtg_eb_field_types (internal name #__eb_field_types)
INFO    |160406 12:10:55|Akeeba\Engine\Dump\Native\Mysql :: Adding a7rtg_eb_field_values (internal name #__eb_field_values)
INFO    |160406 12:10:55|Akeeba\Engine\Dump\Native\Mysql :: Adding a7rtg_eb_fields (internal name #__eb_fields)
INFO    |160406 12:10:55|Akeeba\Engine\Dump\Native\Mysql :: Adding a7rtg_eb_locations (internal name #__eb_locations)
INFO    |160406 12:10:55|Akeeba\Engine\Dump\Native\Mysql :: Adding a7rtg_eb_menus (internal name #__eb_menus)
INFO    |160406 12:10:55|Akeeba\Engine\Dump\Native\Mysql :: Adding a7rtg_eb_messages (internal name #__eb_messages)
INFO    |160406 12:10:55|Akeeba\Engine\Dump\Native\Mysql :: Adding a7rtg_eb_payment_plugins (internal name #__eb_payment_plugins)
INFO    |160406 12:10:55|Akeeba\Engine\Dump\Native\Mysql :: Adding a7rtg_eb_registrants (internal name #__eb_registrants)
INFO    |160406 12:10:55|Akeeba\Engine\Dump\Native\Mysql :: Adding a7rtg_eb_states (internal name #__eb_states)
INFO    |160406 12:10:55|Akeeba\Engine\Dump\Native\Mysql :: Adding a7rtg_eb_urls (internal name #__eb_urls)
INFO    |160406 12:10:55|Akeeba\Engine\Dump\Native\Mysql :: Adding a7rtg_eb_waiting_lists (internal name #__eb_waiting_lists)
INFO    |160406 12:10:55|Akeeba\Engine\Dump\Native\Mysql :: Adding a7rtg_extensions (internal name #__extensions)
INFO    |160406 12:10:55|Akeeba\Engine\Dump\Native\Mysql :: Adding a7rtg_finder_filters (internal name #__finder_filters)
INFO    |160406 12:10:55|Akeeba\Engine\Dump\Native\Mysql :: Adding a7rtg_finder_links (internal name #__finder_links)
INFO    |160406 12:10:55|Akeeba\Engine\Dump\Native\Mysql :: Adding a7rtg_finder_links_terms0 (internal name #__finder_links_terms0)
INFO    |160406 12:10:55|Akeeba\Engine\Dump\Native\Mysql :: Adding a7rtg_finder_links_terms1 (internal name #__finder_links_terms1)
INFO    |160406 12:10:55|Akeeba\Engine\Dump\Native\Mysql :: Adding a7rtg_finder_links_terms2 (internal name #__finder_links_terms2)
INFO    |160406 12:10:55|Akeeba\Engine\Dump\Native\Mysql :: Adding a7rtg_finder_links_terms3 (internal name #__finder_links_terms3)
INFO    |160406 12:10:55|Akeeba\Engine\Dump\Native\Mysql :: Adding a7rtg_finder_links_terms4 (internal name #__finder_links_terms4)
INFO    |160406 12:10:55|Akeeba\Engine\Dump\Native\Mysql :: Adding a7rtg_finder_links_terms5 (internal name #__finder_links_terms5)
INFO    |160406 12:10:55|Akeeba\Engine\Dump\Native\Mysql :: Adding a7rtg_finder_links_terms6 (internal name #__finder_links_terms6)
INFO    |160406 12:10:55|Akeeba\Engine\Dump\Native\Mysql :: Adding a7rtg_finder_links_terms7 (internal name #__finder_links_terms7)
INFO    |160406 12:10:55|Akeeba\Engine\Dump\Native\Mysql :: Adding a7rtg_finder_links_terms8 (internal name #__finder_links_terms8)
INFO    |160406 12:10:55|Akeeba\Engine\Dump\Native\Mysql :: Adding a7rtg_finder_links_terms9 (internal name #__finder_links_terms9)
INFO    |160406 12:10:55|Akeeba\Engine\Dump\Native\Mysql :: Adding a7rtg_finder_links_termsa (internal name #__finder_links_termsa)
INFO    |160406 12:10:55|Akeeba\Engine\Dump\Native\Mysql :: Adding a7rtg_finder_links_termsb (internal name #__finder_links_termsb)
INFO    |160406 12:10:55|Akeeba\Engine\Dump\Native\Mysql :: Adding a7rtg_finder_links_termsc (internal name #__finder_links_termsc)
INFO    |160406 12:10:55|Akeeba\Engine\Dump\Native\Mysql :: Adding a7rtg_finder_links_termsd (internal name #__finder_links_termsd)
INFO    |160406 12:10:55|Akeeba\Engine\Dump\Native\Mysql :: Adding a7rtg_finder_links_termse (internal name #__finder_links_termse)
INFO    |160406 12:10:55|Akeeba\Engine\Dump\Native\Mysql :: Adding a7rtg_finder_links_termsf (internal name #__finder_links_termsf)
INFO    |160406 12:10:55|Akeeba\Engine\Dump\Native\Mysql :: Adding a7rtg_finder_taxonomy (internal name #__finder_taxonomy)
INFO    |160406 12:10:55|Akeeba\Engine\Dump\Native\Mysql :: Adding a7rtg_finder_taxonomy_map (internal name #__finder_taxonomy_map)
INFO    |160406 12:10:55|Akeeba\Engine\Dump\Native\Mysql :: Adding a7rtg_finder_terms (internal name #__finder_terms)
INFO    |160406 12:10:55|Akeeba\Engine\Dump\Native\Mysql :: Adding a7rtg_finder_terms_common (internal name #__finder_terms_common)
INFO    |160406 12:10:55|Akeeba\Engine\Dump\Native\Mysql :: Adding a7rtg_finder_tokens (internal name #__finder_tokens)
INFO    |160406 12:10:55|Akeeba\Engine\Dump\Native\Mysql :: Adding a7rtg_finder_tokens_aggregate (internal name #__finder_tokens_aggregate)
INFO    |160406 12:10:55|Akeeba\Engine\Dump\Native\Mysql :: Adding a7rtg_finder_types (internal name #__finder_types)
INFO    |160406 12:10:55|Akeeba\Engine\Dump\Native\Mysql :: Adding a7rtg_grab_event (internal name #__grab_event)
INFO    |160406 12:10:55|Akeeba\Engine\Dump\Native\Mysql :: Adding a7rtg_jaem_log (internal name #__jaem_log)
INFO    |160406 12:10:55|Akeeba\Engine\Dump\Native\Mysql :: Adding a7rtg_jaem_services (internal name #__jaem_services)
INFO    |160406 12:10:55|Akeeba\Engine\Dump\Native\Mysql :: Adding a7rtg_jalang_translated (internal name #__jalang_translated)
INFO    |160406 12:10:55|Akeeba\Engine\Dump\Native\Mysql :: Adding a7rtg_jev_customfields (internal name #__jev_customfields)
INFO    |160406 12:10:55|Akeeba\Engine\Dump\Native\Mysql :: Adding a7rtg_jev_customfields3 (internal name #__jev_customfields3)
INFO    |160406 12:10:55|Akeeba\Engine\Dump\Native\Mysql :: Adding a7rtg_jev_defaults (internal name #__jev_defaults)
INFO    |160406 12:10:55|Akeeba\Engine\Dump\Native\Mysql :: Adding a7rtg_jev_files (internal name #__jev_files)
INFO    |160406 12:10:55|Akeeba\Engine\Dump\Native\Mysql :: Adding a7rtg_jev_locations (internal name #__jev_locations)
INFO    |160406 12:10:55|Akeeba\Engine\Dump\Native\Mysql :: Adding a7rtg_jev_users (internal name #__jev_users)
INFO    |160406 12:10:55|Akeeba\Engine\Dump\Native\Mysql :: Adding a7rtg_jevents_catmap (internal name #__jevents_catmap)
INFO    |160406 12:10:55|Akeeba\Engine\Dump\Native\Mysql :: Adding a7rtg_jevents_exception (internal name #__jevents_exception)
INFO    |160406 12:10:55|Akeeba\Engine\Dump\Native\Mysql :: Adding a7rtg_jevents_filtermap (internal name #__jevents_filtermap)
INFO    |160406 12:10:55|Akeeba\Engine\Dump\Native\Mysql :: Adding a7rtg_jevents_icsfile (internal name #__jevents_icsfile)
INFO    |160406 12:10:55|Akeeba\Engine\Dump\Native\Mysql :: Adding a7rtg_jevents_repetition (internal name #__jevents_repetition)
INFO    |160406 12:10:55|Akeeba\Engine\Dump\Native\Mysql :: Adding a7rtg_jevents_rrule (internal name #__jevents_rrule)
INFO    |160406 12:10:55|Akeeba\Engine\Dump\Native\Mysql :: Adding a7rtg_jevents_translation (internal name #__jevents_translation)
INFO    |160406 12:10:55|Akeeba\Engine\Dump\Native\Mysql :: Adding a7rtg_jevents_vevdetail (internal name #__jevents_vevdetail)
INFO    |160406 12:10:55|Akeeba\Engine\Dump\Native\Mysql :: Adding a7rtg_jevents_vevent (internal name #__jevents_vevent)
INFO    |160406 12:10:55|Akeeba\Engine\Dump\Native\Mysql :: Adding a7rtg_jevlocation_categories (internal name #__jevlocation_categories)
INFO    |160406 12:10:55|Akeeba\Engine\Dump\Native\Mysql :: Adding a7rtg_jevlocations_catmap (internal name #__jevlocations_catmap)
INFO    |160406 12:10:55|Akeeba\Engine\Dump\Native\Mysql :: Adding a7rtg_jevlocations_oldcatmap (internal name #__jevlocations_oldcatmap)
INFO    |160406 12:10:55|Akeeba\Engine\Dump\Native\Mysql :: Adding a7rtg_jsn_fields (internal name #__jsn_fields)
INFO    |160406 12:10:55|Akeeba\Engine\Dump\Native\Mysql :: Adding a7rtg_jsn_users (internal name #__jsn_users)
INFO    |160406 12:10:55|Akeeba\Engine\Dump\Native\Mysql :: Adding a7rtg_languages (internal name #__languages)
INFO    |160406 12:10:55|Akeeba\Engine\Dump\Native\Mysql :: Adding a7rtg_menu (internal name #__menu)
INFO    |160406 12:10:55|Akeeba\Engine\Dump\Native\Mysql :: Adding a7rtg_menu_types (internal name #__menu_types)
INFO    |160406 12:10:55|Akeeba\Engine\Dump\Native\Mysql :: Adding a7rtg_messages (internal name #__messages)
INFO    |160406 12:10:55|Akeeba\Engine\Dump\Native\Mysql :: Adding a7rtg_messages_cfg (internal name #__messages_cfg)
INFO    |160406 12:10:55|Akeeba\Engine\Dump\Native\Mysql :: Adding a7rtg_modules (internal name #__modules)
INFO    |160406 12:10:55|Akeeba\Engine\Dump\Native\Mysql :: Adding a7rtg_modules_menu (internal name #__modules_menu)
INFO    |160406 12:10:55|Akeeba\Engine\Dump\Native\Mysql :: Adding a7rtg_mynews (internal name #__mynews)
INFO    |160406 12:10:55|Akeeba\Engine\Dump\Native\Mysql :: Adding a7rtg_newsfeeds (internal name #__newsfeeds)
INFO    |160406 12:10:55|Akeeba\Engine\Dump\Native\Mysql :: Adding a7rtg_osmembership_articles (internal name #__osmembership_articles)
INFO    |160406 12:10:55|Akeeba\Engine\Dump\Native\Mysql :: Adding a7rtg_osmembership_categories (internal name #__osmembership_categories)
INFO    |160406 12:10:55|Akeeba\Engine\Dump\Native\Mysql :: Adding a7rtg_osmembership_configs (internal name #__osmembership_configs)
INFO    |160406 12:10:55|Akeeba\Engine\Dump\Native\Mysql :: Adding a7rtg_osmembership_countries (internal name #__osmembership_countries)
INFO    |160406 12:10:55|Akeeba\Engine\Dump\Native\Mysql :: Adding a7rtg_osmembership_coupons (internal name #__osmembership_coupons)
INFO    |160406 12:10:55|Akeeba\Engine\Dump\Native\Mysql :: Adding a7rtg_osmembership_currencies (internal name #__osmembership_currencies)
INFO    |160406 12:10:55|Akeeba\Engine\Dump\Native\Mysql :: Adding a7rtg_osmembership_field_plan (internal name #__osmembership_field_plan)
INFO    |160406 12:10:55|Akeeba\Engine\Dump\Native\Mysql :: Adding a7rtg_osmembership_field_value (internal name #__osmembership_field_value)
INFO    |160406 12:10:55|Akeeba\Engine\Dump\Native\Mysql :: Adding a7rtg_osmembership_fields (internal name #__osmembership_fields)
INFO    |160406 12:10:55|Akeeba\Engine\Dump\Native\Mysql :: Adding a7rtg_osmembership_k2items (internal name #__osmembership_k2items)
INFO    |160406 12:10:55|Akeeba\Engine\Dump\Native\Mysql :: Adding a7rtg_osmembership_menus (internal name #__osmembership_menus)
INFO    |160406 12:10:55|Akeeba\Engine\Dump\Native\Mysql :: Adding a7rtg_osmembership_messages (internal name #__osmembership_messages)
INFO    |160406 12:10:55|Akeeba\Engine\Dump\Native\Mysql :: Adding a7rtg_osmembership_plans (internal name #__osmembership_plans)
INFO    |160406 12:10:55|Akeeba\Engine\Dump\Native\Mysql :: Adding a7rtg_osmembership_plugins (internal name #__osmembership_plugins)
INFO    |160406 12:10:55|Akeeba\Engine\Dump\Native\Mysql :: Adding a7rtg_osmembership_renewrates (internal name #__osmembership_renewrates)
INFO    |160406 12:10:55|Akeeba\Engine\Dump\Native\Mysql :: Adding a7rtg_osmembership_sefurls (internal name #__osmembership_sefurls)
INFO    |160406 12:10:55|Akeeba\Engine\Dump\Native\Mysql :: Adding a7rtg_osmembership_states (internal name #__osmembership_states)
INFO    |160406 12:10:55|Akeeba\Engine\Dump\Native\Mysql :: Adding a7rtg_osmembership_subscribers (internal name #__osmembership_subscribers)
INFO    |160406 12:10:55|Akeeba\Engine\Dump\Native\Mysql :: Adding a7rtg_osmembership_taxes (internal name #__osmembership_taxes)
INFO    |160406 12:10:55|Akeeba\Engine\Dump\Native\Mysql :: Adding a7rtg_osmembership_upgraderules (internal name #__osmembership_upgraderules)
INFO    |160406 12:10:55|Akeeba\Engine\Dump\Native\Mysql :: Adding a7rtg_osmembership_urls (internal name #__osmembership_urls)
INFO    |160406 12:10:55|Akeeba\Engine\Dump\Native\Mysql :: Adding a7rtg_overrider (internal name #__overrider)
INFO    |160406 12:10:55|Akeeba\Engine\Dump\Native\Mysql :: Adding a7rtg_plg_easyfrontendseo (internal name #__plg_easyfrontendseo)
INFO    |160406 12:10:55|Akeeba\Engine\Dump\Native\Mysql :: Adding a7rtg_postinstall_messages (internal name #__postinstall_messages)
INFO    |160406 12:10:55|Akeeba\Engine\Dump\Native\Mysql :: Adding a7rtg_redirect_links (internal name #__redirect_links)
INFO    |160406 12:10:55|Akeeba\Engine\Dump\Native\Mysql :: Adding a7rtg_schemas (internal name #__schemas)
INFO    |160406 12:10:55|Akeeba\Engine\Dump\Native\Mysql :: Adding a7rtg_secklioneevent (internal name #__secklioneevent)
INFO    |160406 12:10:55|Akeeba\Engine\Dump\Native\Mysql :: Adding a7rtg_secklioneevent_price (internal name #__secklioneevent_price)
INFO    |160406 12:10:55|Akeeba\Engine\Dump\Native\Mysql :: Adding a7rtg_session (internal name #__session)
INFO    |160406 12:10:55|Akeeba\Engine\Dump\Native\Mysql :: Adding a7rtg_stn_event_setting (internal name #__stn_event_setting)
INFO    |160406 12:10:55|Akeeba\Engine\Dump\Native\Mysql :: Adding a7rtg_stn_events (internal name #__stn_events)
INFO    |160406 12:10:55|Akeeba\Engine\Dump\Native\Mysql :: Adding a7rtg_stn_events_dates (internal name #__stn_events_dates)
INFO    |160406 12:10:55|Akeeba\Engine\Dump\Native\Mysql :: Adding a7rtg_stn_events_grabers (internal name #__stn_events_grabers)
INFO    |160406 12:10:55|Akeeba\Engine\Dump\Native\Mysql :: Adding a7rtg_stn_events_timeslotes (internal name #__stn_events_timeslotes)
INFO    |160406 12:10:55|Akeeba\Engine\Dump\Native\Mysql :: Adding a7rtg_tags (internal name #__tags)
INFO    |160406 12:10:55|Akeeba\Engine\Dump\Native\Mysql :: Adding a7rtg_template_styles (internal name #__template_styles)
INFO    |160406 12:10:55|Akeeba\Engine\Dump\Native\Mysql :: Adding a7rtg_ucm_base (internal name #__ucm_base)
INFO    |160406 12:10:55|Akeeba\Engine\Dump\Native\Mysql :: Adding a7rtg_ucm_content (internal name #__ucm_content)
INFO    |160406 12:10:55|Akeeba\Engine\Dump\Native\Mysql :: Adding a7rtg_ucm_history (internal name #__ucm_history)
INFO    |160406 12:10:55|Akeeba\Engine\Dump\Native\Mysql :: Adding a7rtg_update_sites (internal name #__update_sites)
INFO    |160406 12:10:55|Akeeba\Engine\Dump\Native\Mysql :: Adding a7rtg_update_sites_extensions (internal name #__update_sites_extensions)
INFO    |160406 12:10:55|Akeeba\Engine\Dump\Native\Mysql :: Adding a7rtg_updates (internal name #__updates)
INFO    |160406 12:10:55|Akeeba\Engine\Dump\Native\Mysql :: Adding a7rtg_user_keys (internal name #__user_keys)
INFO    |160406 12:10:55|Akeeba\Engine\Dump\Native\Mysql :: Adding a7rtg_user_notes (internal name #__user_notes)
INFO    |160406 12:10:55|Akeeba\Engine\Dump\Native\Mysql :: Adding a7rtg_user_profiles (internal name #__user_profiles)
INFO    |160406 12:10:55|Akeeba\Engine\Dump\Native\Mysql :: Adding a7rtg_user_strip (internal name #__user_strip)
INFO    |160406 12:10:55|Akeeba\Engine\Dump\Native\Mysql :: Adding a7rtg_user_usergroup_map (internal name #__user_usergroup_map)
INFO    |160406 12:10:55|Akeeba\Engine\Dump\Native\Mysql :: Adding a7rtg_usergroups (internal name #__usergroups)
INFO    |160406 12:10:55|Akeeba\Engine\Dump\Native\Mysql :: Adding a7rtg_users (internal name #__users)
INFO    |160406 12:10:55|Akeeba\Engine\Dump\Native\Mysql :: Adding a7rtg_utf8_conversion (internal name #__utf8_conversion)
INFO    |160406 12:10:55|Akeeba\Engine\Dump\Native\Mysql :: Adding a7rtg_uu_configuration (internal name #__uu_configuration)
INFO    |160406 12:10:55|Akeeba\Engine\Dump\Native\Mysql :: Adding a7rtg_uu_fields (internal name #__uu_fields)
INFO    |160406 12:10:55|Akeeba\Engine\Dump\Native\Mysql :: Adding a7rtg_uu_fields_values (internal name #__uu_fields_values)
INFO    |160406 12:10:55|Akeeba\Engine\Dump\Native\Mysql :: Adding a7rtg_uu_users (internal name #__uu_users)
INFO    |160406 12:10:55|Akeeba\Engine\Dump\Native\Mysql :: Adding a7rtg_viewlevels (internal name #__viewlevels)
INFO    |160406 12:10:55|Akeeba\Engine\Dump\Native\Mysql :: Adding a7rtg_wf_profiles (internal name #__wf_profiles)
INFO    |160406 12:10:55|Akeeba\Engine\Dump\Native\Mysql :: Adding admin_master (internal name admin_master)
INFO    |160406 12:10:55|Akeeba\Engine\Dump\Native\Mysql :: Adding efdsh_assets (internal name efdsh_assets)
INFO    |160406 12:10:55|Akeeba\Engine\Dump\Native\Mysql :: Adding efdsh_associations (internal name efdsh_associations)
INFO    |160406 12:10:55|Akeeba\Engine\Dump\Native\Mysql :: Adding efdsh_banner_clients (internal name efdsh_banner_clients)
INFO    |160406 12:10:55|Akeeba\Engine\Dump\Native\Mysql :: Adding efdsh_banner_tracks (internal name efdsh_banner_tracks)
INFO    |160406 12:10:55|Akeeba\Engine\Dump\Native\Mysql :: Adding efdsh_banners (internal name efdsh_banners)
INFO    |160406 12:10:55|Akeeba\Engine\Dump\Native\Mysql :: Adding efdsh_categories (internal name efdsh_categories)
INFO    |160406 12:10:55|Akeeba\Engine\Dump\Native\Mysql :: Adding efdsh_contact_details (internal name efdsh_contact_details)
INFO    |160406 12:10:55|Akeeba\Engine\Dump\Native\Mysql :: Adding efdsh_content (internal name efdsh_content)
INFO    |160406 12:10:55|Akeeba\Engine\Dump\Native\Mysql :: Adding efdsh_content_frontpage (internal name efdsh_content_frontpage)
INFO    |160406 12:10:55|Akeeba\Engine\Dump\Native\Mysql :: Adding efdsh_content_rating (internal name efdsh_content_rating)
INFO    |160406 12:10:55|Akeeba\Engine\Dump\Native\Mysql :: Adding efdsh_content_types (internal name efdsh_content_types)
INFO    |160406 12:10:55|Akeeba\Engine\Dump\Native\Mysql :: Adding efdsh_contentitem_tag_map (internal name efdsh_contentitem_tag_map)
INFO    |160406 12:10:55|Akeeba\Engine\Dump\Native\Mysql :: Adding efdsh_core_log_searches (internal name efdsh_core_log_searches)
INFO    |160406 12:10:55|Akeeba\Engine\Dump\Native\Mysql :: Adding efdsh_extensions (internal name efdsh_extensions)
INFO    |160406 12:10:55|Akeeba\Engine\Dump\Native\Mysql :: Adding efdsh_finder_filters (internal name efdsh_finder_filters)
INFO    |160406 12:10:55|Akeeba\Engine\Dump\Native\Mysql :: Adding efdsh_finder_links (internal name efdsh_finder_links)
INFO    |160406 12:10:55|Akeeba\Engine\Dump\Native\Mysql :: Adding efdsh_finder_links_terms0 (internal name efdsh_finder_links_terms0)
INFO    |160406 12:10:55|Akeeba\Engine\Dump\Native\Mysql :: Adding efdsh_finder_links_terms1 (internal name efdsh_finder_links_terms1)
INFO    |160406 12:10:55|Akeeba\Engine\Dump\Native\Mysql :: Adding efdsh_finder_links_terms2 (internal name efdsh_finder_links_terms2)
INFO    |160406 12:10:55|Akeeba\Engine\Dump\Native\Mysql :: Adding efdsh_finder_links_terms3 (internal name efdsh_finder_links_terms3)
INFO    |160406 12:10:55|Akeeba\Engine\Dump\Native\Mysql :: Adding efdsh_finder_links_terms4 (internal name efdsh_finder_links_terms4)
INFO    |160406 12:10:55|Akeeba\Engine\Dump\Native\Mysql :: Adding efdsh_finder_links_terms5 (internal name efdsh_finder_links_terms5)
INFO    |160406 12:10:55|Akeeba\Engine\Dump\Native\Mysql :: Adding efdsh_finder_links_terms6 (internal name efdsh_finder_links_terms6)
INFO    |160406 12:10:55|Akeeba\Engine\Dump\Native\Mysql :: Adding efdsh_finder_links_terms7 (internal name efdsh_finder_links_terms7)
INFO    |160406 12:10:55|Akeeba\Engine\Dump\Native\Mysql :: Adding efdsh_finder_links_terms8 (internal name efdsh_finder_links_terms8)
INFO    |160406 12:10:55|Akeeba\Engine\Dump\Native\Mysql :: Adding efdsh_finder_links_terms9 (internal name efdsh_finder_links_terms9)
INFO    |160406 12:10:55|Akeeba\Engine\Dump\Native\Mysql :: Adding efdsh_finder_links_termsa (internal name efdsh_finder_links_termsa)
INFO    |160406 12:10:55|Akeeba\Engine\Dump\Native\Mysql :: Adding efdsh_finder_links_termsb (internal name efdsh_finder_links_termsb)
INFO    |160406 12:10:55|Akeeba\Engine\Dump\Native\Mysql :: Adding efdsh_finder_links_termsc (internal name efdsh_finder_links_termsc)
INFO    |160406 12:10:55|Akeeba\Engine\Dump\Native\Mysql :: Adding efdsh_finder_links_termsd (internal name efdsh_finder_links_termsd)
INFO    |160406 12:10:55|Akeeba\Engine\Dump\Native\Mysql :: Adding efdsh_finder_links_termse (internal name efdsh_finder_links_termse)
INFO    |160406 12:10:55|Akeeba\Engine\Dump\Native\Mysql :: Adding efdsh_finder_links_termsf (internal name efdsh_finder_links_termsf)
INFO    |160406 12:10:55|Akeeba\Engine\Dump\Native\Mysql :: Adding efdsh_finder_taxonomy (internal name efdsh_finder_taxonomy)
INFO    |160406 12:10:55|Akeeba\Engine\Dump\Native\Mysql :: Adding efdsh_finder_taxonomy_map (internal name efdsh_finder_taxonomy_map)
INFO    |160406 12:10:55|Akeeba\Engine\Dump\Native\Mysql :: Adding efdsh_finder_terms (internal name efdsh_finder_terms)
INFO    |160406 12:10:55|Akeeba\Engine\Dump\Native\Mysql :: Adding efdsh_finder_terms_common (internal name efdsh_finder_terms_common)
INFO    |160406 12:10:55|Akeeba\Engine\Dump\Native\Mysql :: Adding efdsh_finder_tokens (internal name efdsh_finder_tokens)
INFO    |160406 12:10:55|Akeeba\Engine\Dump\Native\Mysql :: Adding efdsh_finder_tokens_aggregate (internal name efdsh_finder_tokens_aggregate)
INFO    |160406 12:10:55|Akeeba\Engine\Dump\Native\Mysql :: Adding efdsh_finder_types (internal name efdsh_finder_types)
INFO    |160406 12:10:55|Akeeba\Engine\Dump\Native\Mysql :: Adding efdsh_jaem_log (internal name efdsh_jaem_log)
INFO    |160406 12:10:55|Akeeba\Engine\Dump\Native\Mysql :: Adding efdsh_jaem_services (internal name efdsh_jaem_services)
INFO    |160406 12:10:55|Akeeba\Engine\Dump\Native\Mysql :: Adding efdsh_languages (internal name efdsh_languages)
INFO    |160406 12:10:55|Akeeba\Engine\Dump\Native\Mysql :: Adding efdsh_menu (internal name efdsh_menu)
INFO    |160406 12:10:55|Akeeba\Engine\Dump\Native\Mysql :: Adding efdsh_menu_types (internal name efdsh_menu_types)
INFO    |160406 12:10:55|Akeeba\Engine\Dump\Native\Mysql :: Adding efdsh_messages (internal name efdsh_messages)
INFO    |160406 12:10:55|Akeeba\Engine\Dump\Native\Mysql :: Adding efdsh_messages_cfg (internal name efdsh_messages_cfg)
INFO    |160406 12:10:55|Akeeba\Engine\Dump\Native\Mysql :: Adding efdsh_modules (internal name efdsh_modules)
INFO    |160406 12:10:55|Akeeba\Engine\Dump\Native\Mysql :: Adding efdsh_modules_menu (internal name efdsh_modules_menu)
INFO    |160406 12:10:55|Akeeba\Engine\Dump\Native\Mysql :: Adding efdsh_newsfeeds (internal name efdsh_newsfeeds)
INFO    |160406 12:10:55|Akeeba\Engine\Dump\Native\Mysql :: Adding efdsh_overrider (internal name efdsh_overrider)
INFO    |160406 12:10:55|Akeeba\Engine\Dump\Native\Mysql :: Adding efdsh_postinstall_messages (internal name efdsh_postinstall_messages)
INFO    |160406 12:10:55|Akeeba\Engine\Dump\Native\Mysql :: Adding efdsh_redirect_links (internal name efdsh_redirect_links)
INFO    |160406 12:10:55|Akeeba\Engine\Dump\Native\Mysql :: Adding efdsh_schemas (internal name efdsh_schemas)
INFO    |160406 12:10:55|Akeeba\Engine\Dump\Native\Mysql :: Adding efdsh_session (internal name efdsh_session)
INFO    |160406 12:10:55|Akeeba\Engine\Dump\Native\Mysql :: Adding efdsh_tags (internal name efdsh_tags)
INFO    |160406 12:10:55|Akeeba\Engine\Dump\Native\Mysql :: Adding efdsh_template_styles (internal name efdsh_template_styles)
INFO    |160406 12:10:55|Akeeba\Engine\Dump\Native\Mysql :: Adding efdsh_ucm_base (internal name efdsh_ucm_base)
INFO    |160406 12:10:55|Akeeba\Engine\Dump\Native\Mysql :: Adding efdsh_ucm_content (internal name efdsh_ucm_content)
INFO    |160406 12:10:55|Akeeba\Engine\Dump\Native\Mysql :: Adding efdsh_ucm_history (internal name efdsh_ucm_history)
INFO    |160406 12:10:55|Akeeba\Engine\Dump\Native\Mysql :: Adding efdsh_update_sites (internal name efdsh_update_sites)
INFO    |160406 12:10:55|Akeeba\Engine\Dump\Native\Mysql :: Adding efdsh_update_sites_extensions (internal name efdsh_update_sites_extensions)
INFO    |160406 12:10:55|Akeeba\Engine\Dump\Native\Mysql :: Adding efdsh_updates (internal name efdsh_updates)
INFO    |160406 12:10:55|Akeeba\Engine\Dump\Native\Mysql :: Adding efdsh_user_keys (internal name efdsh_user_keys)
INFO    |160406 12:10:55|Akeeba\Engine\Dump\Native\Mysql :: Adding efdsh_user_notes (internal name efdsh_user_notes)
INFO    |160406 12:10:55|Akeeba\Engine\Dump\Native\Mysql :: Adding efdsh_user_profiles (internal name efdsh_user_profiles)
INFO    |160406 12:10:55|Akeeba\Engine\Dump\Native\Mysql :: Adding efdsh_user_usergroup_map (internal name efdsh_user_usergroup_map)
INFO    |160406 12:10:55|Akeeba\Engine\Dump\Native\Mysql :: Adding efdsh_usergroups (internal name efdsh_usergroups)
INFO    |160406 12:10:55|Akeeba\Engine\Dump\Native\Mysql :: Adding efdsh_users (internal name efdsh_users)
INFO    |160406 12:10:55|Akeeba\Engine\Dump\Native\Mysql :: Adding efdsh_viewlevels (internal name efdsh_viewlevels)
DEBUG   |160406 12:10:55|Akeeba\Engine\Dump\Native\Mysql :: Starting CREATE TABLE and dependency scanning
DEBUG   |160406 12:10:55|Akeeba\Engine\Dump\Native\Mysql :: Got database connection
DEBUG   |160406 12:10:55|Akeeba\Engine\Dump\Native\Mysql :: Got SHOW TABLES
DEBUG   |160406 12:10:55|Akeeba\Engine\Dump\Native\Mysql :: Got table list
DEBUG   |160406 12:10:55|Akeeba\Engine\Dump\Native\Mysql :: Processed dependencies
DEBUG   |160406 12:10:55|Akeeba\Engine\Dump\Base :: Getting temporary file
DEBUG   |160406 12:10:55|Akeeba\Engine\Dump\Base :: Temporary file is <root>/administrator/components/com_akeeba/backup/7d99bb48.sql
DEBUG   |160406 12:10:55|AkeebaDomainDBBackup :: SQL temp file is <root>/administrator/components/com_akeeba/backup/7d99bb48.sql
DEBUG   |160406 12:10:55|AkeebaDomainDBBackup :: SQL file location in archive is <root>/administrator/components/com_akeeba/backup/site-www.youngyaa.com.au-20160406-121054.sql
DEBUG   |160406 12:10:55|AkeebaDomainDBBackup :: Deleting leftover files, if any
DEBUG   |160406 12:10:55|Akeeba\Engine\Dump\Base :: Initializing algorithm for first run
DEBUG   |160406 12:10:55|Kettenrad :: Domain object returned; propagating
DEBUG   |160406 12:10:55|Kettenrad :: Break flag status: no
DEBUG   |160406 12:10:55|----- Finished operation 1 ------
DEBUG   |160406 12:10:55|Kettenrad :: Ticking the domain object
DEBUG   |160406 12:11:00|Kettenrad :: Attempting to load from database (backend) [backend.id13]
DEBUG   |160406 12:11:00| -- Loaded stored Akeeba Factory (backend) [backend.id13]
